Arguments: 
  /home/john/.nvm/versions/node/v11.5.0/bin/node /home/john/.yarn/bin/yarn.js

PATH: 
  /home/john/.nvm/versions/node/v11.5.0/bin:/home/john/.yarn/bin:/home/john/.config/yarn/global/node_modules/.bin:/home/john/.rvm/gems/ruby-2.4.0/bin:/home/john/.rvm/gems/ruby-2.4.0@global/bin:/home/john/.rvm/rubies/ruby-2.4.0/bin:/home/john/bin:/home/john/.local/bin:/usr/local/sbin:/usr/local/bin:/usr/sbin:/usr/bin:/sbin:/bin:/usr/games:/usr/local/games:/snap/bin:/home/john/.rvm/bin:/home/john/.rvm/bin

Yarn version: 
  1.22.0

Node version: 
  11.5.0

Platform: 
  linux x64

Trace: 
  SyntaxError: /home/john/Dropbox/apps/react-gridstack/package.json: Unexpected token ] in JSON at position 351
      at JSON.parse (<anonymous>)
      at /home/john/.yarn/lib/cli.js:1625:59
      at Generator.next (<anonymous>)
      at step (/home/john/.yarn/lib/cli.js:310:30)
      at /home/john/.yarn/lib/cli.js:321:13

npm manifest: 
  {
    "name": "react-gridstack",
    "version": "0.1.4",
    "description": "React wrapper for gridstack.js",
    "main": "lib/index.js",
    "scripts": {
      "build": "gulp build"
    },
    "repository": {
      "type": "git",
      "url": "https://github.com/pitrho/react-gridstack.git"
    },
    "keywords": [
      "react",
      "grid",
      "gridstack",
      "layout",
    ],
    "author": "Alejandro Mesa",
    "license": "MIT",
    "bugs": {
      "url": "https://github.com/pitrho/react-gridstack.git/issues"
    },
    "homepage": "https://github.com/pitrho/react-gridstack.git#readme",
    "devDependencies": {
      "babel": "^6.5.2",
      "babel-core": "^6.7.7",
      "babel-eslint": "^6.0.4",
      "babel-loader": "^6.2.4",
      "babel-plugin-transform-object-rest-spread": "^6.6.5",
      "babel-preset-es2015": "^6.6.0",
      "babel-preset-react": "^6.5.0",
      "babel-preset-stage-1": "^6.5.0",
      "babel-runtime": "^6.6.1",
      "css-loader": "^0.23.1",
      "eslint": "^2.9.0",
      "eslint-config-rackt": "^1.1.1",
      "eslint-plugin-babel": "^3.2.0",
      "eslint-plugin-react": "^5.0.1",
      "extract-text-webpack-plugin": "^1.0.1",
      "gulp": "^3.9.1",
      "gulp-babel": "^6.1.2",
      "gulp-rimraf": "^0.2.0",
      "style-loader": "^0.13.1",
      "webpack": "^1.13.0",
      "webpack-stream": "^3.2.0"
    },
    "dependencies": {
      "gridstack": "^1.1.1",
      "lodash": "^4.17.15",
      "prop-types": "^15.7.2",
      "react": "^16.13.1",
      "react-dom": "^16.13.1"
    }
  }

yarn manifest: 
  No manifest

Lockfile: 
  No lockfile
